GROUP,PACKAGE,CLASS,INSTRUCTION_MISSED,INSTRUCTION_COVERED,BRANCH_MISSED,BRANCH_COVERED,LINE_MISSED,LINE_COVERED,COMPLEXITY_MISSED,COMPLEXITY_COVERED,METHOD_MISSED,METHOD_COVERED
whitespace-maven-plugin Maven Mojo,com.github.hazendaz.maven.whitespace_maven_plugin,HelpMojo,861,0,110,0,155,0,71,0,16,0
whitespace-maven-plugin Maven Mojo,com.github.dantwining.whitespace,WhitespaceUtils,55,145,5,19,8,29,4,9,0,1
whitespace-maven-plugin Maven Mojo,com.github.dantwining.whitespace,VerifyMojo,0,16,0,0,0,5,0,2,0,2
whitespace-maven-plugin Maven Mojo,com.github.dantwining.whitespace,TrimMojo,5,19,1,1,2,6,1,2,0,2
